android/app/build/intermediates/manifest_merge_blame_file/debug/processDebugMainManifest/manifest-merger-blame-debug-report.txt
1<?xml version="1.0" encoding="utf-8"?>
2<manifest xmlns:android="http://schemas.android.com/apk/res/android"
3    package="com.ant_revolution.ant_camera"
4    android:versionCode="1"
5    android:versionName="1.0.0" >
6
7    <uses-sdk
8        android:minSdkVersion="24"
9        android:targetSdkVersion="35" />
10    <!--
11         The INTERNET permission is required for development. Specifically,
12         the Flutter tool needs it to communicate with the running application
13         to allow setting breakpoints, to provide hot reload, etc.
14    -->
15    <uses-permission android:name="android.permission.INTERNET" />
15-->src\debug\AndroidManifest.xml:6:5-66
15-->src\debug\AndroidManifest.xml:6:22-64
16    <uses-permission android:name="android.permission.CAMERA" />
16-->src\main\AndroidManifest.xml:2:5-65
16-->src\main\AndroidManifest.xml:2:22-62
17    <uses-permission android:name="android.permission.RECORD_AUDIO" />
17-->src\main\AndroidManifest.xml:3:5-71
17-->src\main\AndroidManifest.xml:3:22-68
18    <uses-permission
18-->src\main\AndroidManifest.xml:4:5-108
19        android:name="android.permission.WRITE_EXTERNAL_STORAGE"
19-->src\main\AndroidManifest.xml:4:22-78
20        android:maxSdkVersion="32" />
20-->src\main\AndroidManifest.xml:4:79-105
21    <uses-permission
21-->src\main\AndroidManifest.xml:5:5-107
22        android:name="android.permission.READ_EXTERNAL_STORAGE"
22-->src\main\AndroidManifest.xml:5:22-77
23        android:maxSdkVersion="32" />
23-->src\main\AndroidManifest.xml:5:78-104
24    <uses-permission android:name="android.permission.READ_MEDIA_IMAGES" />
24-->src\main\AndroidManifest.xml:6:5-76
24-->src\main\AndroidManifest.xml:6:22-73
25    <uses-permission android:name="android.permission.READ_MEDIA_VIDEO" />
25-->src\main\AndroidManifest.xml:7:5-75
25-->src\main\AndroidManifest.xml:7:22-72
26    <uses-permission android:name="android.permission.ACCESS_FINE_LOCATION" />
26-->src\main\AndroidManifest.xml:8:5-79
26-->src\main\AndroidManifest.xml:8:22-76
27    <uses-permission android:name="android.permission.ACCESS_COARSE_LOCATION" /> <!-- File URI scheme permissions for opening files -->
27-->src\main\AndroidManifest.xml:9:5-81
27-->src\main\AndroidManifest.xml:9:22-78
28    <queries>
28-->src\main\AndroidManifest.xml:43:5-61:15
29        <intent>
29-->src\main\AndroidManifest.xml:44:9-47:18
30            <action android:name="android.intent.action.VIEW" />
30-->src\main\AndroidManifest.xml:45:13-65
30-->src\main\AndroidManifest.xml:45:21-62
31
32            <data android:scheme="file" />
32-->src\main\AndroidManifest.xml:46:13-43
32-->src\main\AndroidManifest.xml:46:19-40
33        </intent>
34        <intent>
34-->src\main\AndroidManifest.xml:48:9-51:18
35            <action android:name="android.intent.action.VIEW" />
35-->src\main\AndroidManifest.xml:45:13-65
35-->src\main\AndroidManifest.xml:45:21-62
36
37            <data android:scheme="content" />
37-->src\main\AndroidManifest.xml:46:13-43
37-->src\main\AndroidManifest.xml:46:19-40
38        </intent>
39        <!--
40             Required to query activities that can process text, see:
41             https://developer.android.com/training/package-visibility and
42             https://developer.android.com/reference/android/content/Intent#ACTION_PROCESS_TEXT.
43
44             In particular, this is used by the Flutter engine in io.flutter.plugin.text.ProcessTextPlugin.
45        -->
46        <intent>
46-->src\main\AndroidManifest.xml:57:9-60:18
47            <action android:name="android.intent.action.PROCESS_TEXT" />
47-->src\main\AndroidManifest.xml:58:13-72
47-->src\main\AndroidManifest.xml:58:21-70
48
49            <data android:mimeType="text/plain" />
49-->src\main\AndroidManifest.xml:46:13-43
50        </intent>
51        <intent>
51-->[androidx.camera:camera-extensions:1.3.4] AndroidManifest.xml:23:9-25:18
52            <action android:name="androidx.camera.extensions.action.VENDOR_ACTION" />
52-->[androidx.camera:camera-extensions:1.3.4] AndroidManifest.xml:24:13-86
52-->[androidx.camera:camera-extensions:1.3.4] AndroidManifest.xml:24:21-83
53        </intent>
54
55        <package android:name="androidx.test.orchestrator" />
55-->[androidx.test:runner:1.5.0] AndroidManifest.xml:25:9-62
55-->[androidx.test:runner:1.5.0] AndroidManifest.xml:25:18-59
56        <package android:name="androidx.test.services" />
56-->[androidx.test:runner:1.5.0] AndroidManifest.xml:26:9-58
56-->[androidx.test:runner:1.5.0] AndroidManifest.xml:26:18-55
57        <package android:name="com.google.android.apps.common.testing.services" />
57-->[androidx.test:runner:1.5.0] AndroidManifest.xml:27:9-83
57-->[androidx.test:runner:1.5.0] AndroidManifest.xml:27:18-80
58    </queries>
59
60    <permission
60-->[androidx.core:core:1.13.1] AndroidManifest.xml:22:5-24:47
61        android:name="com.ant_revolution.ant_camera.DYNAMIC_RECEIVER_NOT_EXPORTED_PERMISSION"
61-->[androidx.core:core:1.13.1] AndroidManifest.xml:23:9-81
62        android:protectionLevel="signature" />
62-->[androidx.core:core:1.13.1] AndroidManifest.xml:24:9-44
63
64    <uses-permission android:name="com.ant_revolution.ant_camera.DYNAMIC_RECEIVER_NOT_EXPORTED_PERMISSION" />
64-->[androidx.core:core:1.13.1] AndroidManifest.xml:26:5-97
64-->[androidx.core:core:1.13.1] AndroidManifest.xml:26:22-94
65
66    <application
67        android:name="android.app.Application"
68        android:appComponentFactory="androidx.core.app.CoreComponentFactory"
68-->[androidx.core:core:1.13.1] AndroidManifest.xml:28:18-86
69        android:debuggable="true"
70        android:extractNativeLibs="false"
71        android:icon="@mipmap/ic_launcher"
72        android:label="ant_camera" >
73        <activity
74            android:name="com.ant_revolution.ant_camera.MainActivity"
75            android:configChanges="orientation|keyboardHidden|keyboard|screenSize|smallestScreenSize|locale|layoutDirection|fontScale|screenLayout|density|uiMode"
76            android:exported="true"
77            android:hardwareAccelerated="true"
78            android:launchMode="singleTop"
79            android:taskAffinity=""
80            android:theme="@style/LaunchTheme"
81            android:windowSoftInputMode="adjustResize" >
82
83            <!--
84                 Specifies an Android theme to apply to this Activity as soon as
85                 the Android process has started. This theme is visible to the user
86                 while the Flutter UI initializes. After that, this theme continues
87                 to determine the Window background behind the Flutter UI.
88            -->
89            <meta-data
90                android:name="io.flutter.embedding.android.NormalTheme"
91                android:resource="@style/NormalTheme" />
92
93            <intent-filter>
94                <action android:name="android.intent.action.MAIN" />
95
96                <category android:name="android.intent.category.LAUNCHER" />
97            </intent-filter>
98        </activity>
99        <!--
100             Don't delete the meta-data below.
101             This is used by the Flutter tool to generate GeneratedPluginRegistrant.java
102        -->
103        <meta-data
104            android:name="flutterEmbedding"
105            android:value="2" />
106
107        <service android:name="io.apparence.camerawesome.buttons.PlayerService" />
107-->[:camerawesome] AndroidManifest.xml:10:9-83
107-->[:camerawesome] AndroidManifest.xml:10:18-80
108
109        <uses-library
109-->[androidx.camera:camera-extensions:1.3.4] AndroidManifest.xml:29:9-31:40
110            android:name="androidx.camera.extensions.impl"
110-->[androidx.camera:camera-extensions:1.3.4] AndroidManifest.xml:30:13-59
111            android:required="false" />
111-->[androidx.camera:camera-extensions:1.3.4] AndroidManifest.xml:31:13-37
112
113        <service
113-->[androidx.camera:camera-camera2:1.3.4] AndroidManifest.xml:24:9-33:19
114            android:name="androidx.camera.core.impl.MetadataHolderService"
114-->[androidx.camera:camera-camera2:1.3.4] AndroidManifest.xml:25:13-75
115            android:enabled="false"
115-->[androidx.camera:camera-camera2:1.3.4] AndroidManifest.xml:26:13-36
116            android:exported="false" >
116-->[androidx.camera:camera-camera2:1.3.4] AndroidManifest.xml:27:13-37
117            <meta-data
117-->[androidx.camera:camera-camera2:1.3.4] AndroidManifest.xml:30:13-32:89
118                android:name="androidx.camera.core.impl.MetadataHolderService.DEFAULT_CONFIG_PROVIDER"
118-->[androidx.camera:camera-camera2:1.3.4] AndroidManifest.xml:31:17-103
119                android:value="androidx.camera.camera2.Camera2Config$DefaultProvider" />
119-->[androidx.camera:camera-camera2:1.3.4] AndroidManifest.xml:32:17-86
120        </service>
121
122        <activity
122-->[:url_launcher_android] AndroidManifest.xml:8:9-11:74
123            android:name="io.flutter.plugins.urllauncher.WebViewActivity"
123-->[:url_launcher_android] AndroidManifest.xml:9:13-74
124            android:exported="false"
124-->[:url_launcher_android] AndroidManifest.xml:10:13-37
125            android:theme="@android:style/Theme.NoTitleBar.Fullscreen" />
125-->[:url_launcher_android] AndroidManifest.xml:11:13-71
126
127        <uses-library
127-->[androidx.window:window:1.2.0] AndroidManifest.xml:23:9-25:40
128            android:name="androidx.window.extensions"
128-->[androidx.window:window:1.2.0] AndroidManifest.xml:24:13-54
129            android:required="false" />
129-->[androidx.window:window:1.2.0] AndroidManifest.xml:25:13-37
130        <uses-library
130-->[androidx.window:window:1.2.0] AndroidManifest.xml:26:9-28:40
131            android:name="androidx.window.sidecar"
131-->[androidx.window:window:1.2.0] AndroidManifest.xml:27:13-51
132            android:required="false" />
132-->[androidx.window:window:1.2.0] AndroidManifest.xml:28:13-37
133
134        <activity
134-->[com.google.android.gms:play-services-base:18.1.0] AndroidManifest.xml:20:9-22:45
135            android:name="com.google.android.gms.common.api.GoogleApiActivity"
135-->[com.google.android.gms:play-services-base:18.1.0] AndroidManifest.xml:20:19-85
136            android:exported="false"
136-->[com.google.android.gms:play-services-base:18.1.0] AndroidManifest.xml:22:19-43
137            android:theme="@android:style/Theme.Translucent.NoTitleBar" />
137-->[com.google.android.gms:play-services-base:18.1.0] AndroidManifest.xml:21:19-78
138
139        <meta-data
139-->[com.google.android.gms:play-services-basement:18.1.0] AndroidManifest.xml:21:9-23:69
140            android:name="com.google.android.gms.version"
140-->[com.google.android.gms:play-services-basement:18.1.0] AndroidManifest.xml:22:13-58
141            android:value="@integer/google_play_services_version" />
141-->[com.google.android.gms:play-services-basement:18.1.0] AndroidManifest.xml:23:13-66
142
143        <provider
143-->[androidx.lifecycle:lifecycle-process:2.7.0] AndroidManifest.xml:24:9-32:20
144            android:name="androidx.startup.InitializationProvider"
144-->[androidx.lifecycle:lifecycle-process:2.7.0] AndroidManifest.xml:25:13-67
145            android:authorities="com.ant_revolution.ant_camera.androidx-startup"
145-->[androidx.lifecycle:lifecycle-process:2.7.0] AndroidManifest.xml:26:13-68
146            android:exported="false" >
146-->[androidx.lifecycle:lifecycle-process:2.7.0] AndroidManifest.xml:27:13-37
147            <meta-data
147-->[androidx.lifecycle:lifecycle-process:2.7.0] AndroidManifest.xml:29:13-31:52
148                android:name="androidx.lifecycle.ProcessLifecycleInitializer"
148-->[androidx.lifecycle:lifecycle-process:2.7.0] AndroidManifest.xml:30:17-78
149                android:value="androidx.startup" />
149-->[androidx.lifecycle:lifecycle-process:2.7.0] AndroidManifest.xml:31:17-49
150            <meta-data
150-->[androidx.profileinstaller:profileinstaller:1.3.1] AndroidManifest.xml:29:13-31:52
151                android:name="androidx.profileinstaller.ProfileInstallerInitializer"
151-->[androidx.profileinstaller:profileinstaller:1.3.1] AndroidManifest.xml:30:17-85
152                android:value="androidx.startup" />
152-->[androidx.profileinstaller:profileinstaller:1.3.1] AndroidManifest.xml:31:17-49
153        </provider>
154
155        <receiver
155-->[androidx.profileinstaller:profileinstaller:1.3.1] AndroidManifest.xml:34:9-52:20
156            android:name="androidx.profileinstaller.ProfileInstallReceiver"
156-->[androidx.profileinstaller:profileinstaller:1.3.1] AndroidManifest.xml:35:13-76
157            android:directBootAware="false"
157-->[androidx.profileinstaller:profileinstaller:1.3.1] AndroidManifest.xml:36:13-44
158            android:enabled="true"
158-->[androidx.profileinstaller:profileinstaller:1.3.1] AndroidManifest.xml:37:13-35
159            android:exported="true"
159-->[androidx.profileinstaller:profileinstaller:1.3.1] AndroidManifest.xml:38:13-36
160            android:permission="android.permission.DUMP" >
160-->[androidx.profileinstaller:profileinstaller:1.3.1] AndroidManifest.xml:39:13-57
161            <intent-filter>
161-->[androidx.profileinstaller:profileinstaller:1.3.1] AndroidManifest.xml:40:13-42:29
162                <action android:name="androidx.profileinstaller.action.INSTALL_PROFILE" />
162-->[androidx.profileinstaller:profileinstaller:1.3.1] AndroidManifest.xml:41:17-91
162-->[androidx.profileinstaller:profileinstaller:1.3.1] AndroidManifest.xml:41:25-88
163            </intent-filter>
164            <intent-filter>
164-->[androidx.profileinstaller:profileinstaller:1.3.1] AndroidManifest.xml:43:13-45:29
165                <action android:name="androidx.profileinstaller.action.SKIP_FILE" />
165-->[androidx.profileinstaller:profileinstaller:1.3.1] AndroidManifest.xml:44:17-85
165-->[androidx.profileinstaller:profileinstaller:1.3.1] AndroidManifest.xml:44:25-82
166            </intent-filter>
167            <intent-filter>
167-->[androidx.profileinstaller:profileinstaller:1.3.1] AndroidManifest.xml:46:13-48:29
168                <action android:name="androidx.profileinstaller.action.SAVE_PROFILE" />
168-->[androidx.profileinstaller:profileinstaller:1.3.1] AndroidManifest.xml:47:17-88
168-->[androidx.profileinstaller:profileinstaller:1.3.1] AndroidManifest.xml:47:25-85
169            </intent-filter>
170            <intent-filter>
170-->[androidx.profileinstaller:profileinstaller:1.3.1] AndroidManifest.xml:49:13-51:29
171                <action android:name="androidx.profileinstaller.action.BENCHMARK_OPERATION" />
171-->[androidx.profileinstaller:profileinstaller:1.3.1] AndroidManifest.xml:50:17-95
171-->[androidx.profileinstaller:profileinstaller:1.3.1] AndroidManifest.xml:50:25-92
172            </intent-filter>
173        </receiver>
174    </application>
175
176</manifest>